{"C:\\Users\\ashle\\OneDrive\\Bureau\\dev-mobile\\my-app\\services\\api.ts": {"path":"C:\\Users\\ashle\\OneDrive\\Bureau\\dev-mobile\\my-app\\services\\api.ts","statementMap":{"0":{"start":{"line":1,"column":0},"end":{"line":1,"column":38}},"1":{"start":{"line":13,"column":28},"end":{"line":19,"column":1}},"2":{"start":{"line":14,"column":26},"end":{"line":17,"column":46}},"3":{"start":{"line":18,"column":2},"end":{"line":18,"column":25}},"4":{"start":{"line":13,"column":13},"end":{"line":13,"column":28}},"5":{"start":{"line":22,"column":26},"end":{"line":29,"column":1}},"6":{"start":{"line":23,"column":26},"end":{"line":27,"column":13}},"7":{"start":{"line":28,"column":2},"end":{"line":28,"column":25}},"8":{"start":{"line":22,"column":13},"end":{"line":22,"column":26}},"9":{"start":{"line":32,"column":29},"end":{"line":35,"column":1}},"10":{"start":{"line":33,"column":26},"end":{"line":33,"column":82}},"11":{"start":{"line":34,"column":2},"end":{"line":34,"column":25}},"12":{"start":{"line":32,"column":13},"end":{"line":32,"column":29}},"13":{"start":{"line":38,"column":29},"end":{"line":45,"column":1}},"14":{"start":{"line":39,"column":26},"end":{"line":43,"column":13}},"15":{"start":{"line":44,"column":2},"end":{"line":44,"column":25}},"16":{"start":{"line":38,"column":13},"end":{"line":38,"column":29}},"17":{"start":{"line":48,"column":29},"end":{"line":51,"column":1}},"18":{"start":{"line":49,"column":20},"end":{"line":49,"column":73}},"19":{"start":{"line":50,"column":2},"end":{"line":50,"column":19}},"20":{"start":{"line":48,"column":13},"end":{"line":48,"column":29}}},"fnMap":{"0":{"name":"(anonymous_0)","decl":{"start":{"line":13,"column":28},"end":{"line":13,"column":33}},"loc":{"start":{"line":13,"column":39},"end":{"line":19,"column":1}}},"1":{"name":"(anonymous_1)","decl":{"start":{"line":22,"column":26},"end":{"line":22,"column":31}},"loc":{"start":{"line":22,"column":47},"end":{"line":29,"column":1}}},"2":{"name":"(anonymous_2)","decl":{"start":{"line":32,"column":29},"end":{"line":32,"column":34}},"loc":{"start":{"line":32,"column":83},"end":{"line":35,"column":1}}},"3":{"name":"(anonymous_3)","decl":{"start":{"line":38,"column":29},"end":{"line":38,"column":34}},"loc":{"start":{"line":38,"column":89},"end":{"line":45,"column":1}}},"4":{"name":"(anonymous_4)","decl":{"start":{"line":48,"column":29},"end":{"line":48,"column":34}},"loc":{"start":{"line":48,"column":50},"end":{"line":51,"column":1}}}},"branchMap":{},"s":{"0":1,"1":1,"2":1,"3":1,"4":1,"5":1,"6":0,"7":0,"8":1,"9":1,"10":1,"11":1,"12":1,"13":1,"14":0,"15":0,"16":1,"17":1,"18":0,"19":0,"20":1},"f":{"0":1,"1":0,"2":1,"3":0,"4":0},"b":{}}
,"C:\\Users\\ashle\\OneDrive\\Bureau\\dev-mobile\\my-app\\services\\imageUpload.ts": {"path":"C:\\Users\\ashle\\OneDrive\\Bureau\\dev-mobile\\my-app\\services\\imageUpload.ts","statementMap":{"0":{"start":{"line":1,"column":0},"end":{"line":1,"column":74}},"1":{"start":{"line":2,"column":0},"end":{"line":2,"column":38}},"2":{"start":{"line":4,"column":27},"end":{"line":37,"column":1}},"3":{"start":{"line":5,"column":21},"end":{"line":5,"column":37}},"4":{"start":{"line":7,"column":17},"end":{"line":9,"column":4}},"5":{"start":{"line":11,"column":25},"end":{"line":11,"column":37}},"6":{"start":{"line":12,"column":20},"end":{"line":12,"column":57}},"7":{"start":{"line":13,"column":2},"end":{"line":15,"column":3}},"8":{"start":{"line":13,"column":15},"end":{"line":13,"column":16}},"9":{"start":{"line":14,"column":4},"end":{"line":14,"column":48}},"10":{"start":{"line":17,"column":26},"end":{"line":24,"column":6}},"11":{"start":{"line":26,"column":2},"end":{"line":29,"column":3}},"12":{"start":{"line":27,"column":4},"end":{"line":27,"column":48}},"13":{"start":{"line":28,"column":4},"end":{"line":28,"column":16}},"14":{"start":{"line":31,"column":34},"end":{"line":34,"column":28}},"15":{"start":{"line":36,"column":2},"end":{"line":36,"column":19}},"16":{"start":{"line":4,"column":13},"end":{"line":4,"column":27}}},"fnMap":{"0":{"name":"(anonymous_0)","decl":{"start":{"line":4,"column":27},"end":{"line":4,"column":32}},"loc":{"start":{"line":4,"column":84},"end":{"line":37,"column":1}}}},"branchMap":{"0":{"loc":{"start":{"line":26,"column":2},"end":{"line":29,"column":3}},"type":"if","locations":[{"start":{"line":26,"column":2},"end":{"line":29,"column":3}}]}},"s":{"0":1,"1":1,"2":1,"3":2,"4":2,"5":2,"6":2,"7":2,"8":2,"9":18,"10":2,"11":2,"12":1,"13":1,"14":1,"15":1,"16":1},"f":{"0":2},"b":{"0":[1]}}
,"C:\\Users\\ashle\\OneDrive\\Bureau\\dev-mobile\\my-app\\services\\notifications.ts": {"path":"C:\\Users\\ashle\\OneDrive\\Bureau\\dev-mobile\\my-app\\services\\notifications.ts","statementMap":{"0":{"start":{"line":2,"column":0},"end":{"line":2,"column":52}},"1":{"start":{"line":5,"column":0},"end":{"line":13,"column":3}},"2":{"start":{"line":6,"column":35},"end":{"line":12,"column":4}},"3":{"start":{"line":16,"column":45},"end":{"line":19,"column":1}},"4":{"start":{"line":17,"column":21},"end":{"line":17,"column":66}},"5":{"start":{"line":18,"column":2},"end":{"line":18,"column":30}},"6":{"start":{"line":16,"column":13},"end":{"line":16,"column":45}},"7":{"start":{"line":22,"column":32},"end":{"line":42,"column":1}},"8":{"start":{"line":26,"column":18},"end":{"line":26,"column":55}},"9":{"start":{"line":27,"column":2},"end":{"line":30,"column":3}},"10":{"start":{"line":28,"column":4},"end":{"line":28,"column":53}},"11":{"start":{"line":29,"column":4},"end":{"line":29,"column":11}},"12":{"start":{"line":32,"column":2},"end":{"line":41,"column":5}},"13":{"start":{"line":22,"column":13},"end":{"line":22,"column":32}}},"fnMap":{"0":{"name":"(anonymous_9)","decl":{"start":{"line":6,"column":22},"end":{"line":6,"column":27}},"loc":{"start":{"line":6,"column":35},"end":{"line":12,"column":4}}},"1":{"name":"(anonymous_10)","decl":{"start":{"line":16,"column":45},"end":{"line":16,"column":50}},"loc":{"start":{"line":16,"column":74},"end":{"line":19,"column":1}}},"2":{"name":"(anonymous_11)","decl":{"start":{"line":22,"column":32},"end":{"line":22,"column":37}},"loc":{"start":{"line":25,"column":19},"end":{"line":42,"column":1}}}},"branchMap":{"0":{"loc":{"start":{"line":24,"column":2},"end":{"line":24,"column":24}},"type":"default-arg","locations":[{"start":{"line":24,"column":20},"end":{"line":24,"column":24}}]},"1":{"loc":{"start":{"line":27,"column":2},"end":{"line":30,"column":3}},"type":"if","locations":[{"start":{"line":27,"column":2},"end":{"line":30,"column":3}}]}},"s":{"0":2,"1":2,"2":0,"3":2,"4":4,"5":4,"6":2,"7":2,"8":2,"9":2,"10":0,"11":0,"12":2,"13":2},"f":{"0":0,"1":4,"2":2},"b":{"0":[0],"1":[0]}}
}
