TN:
SF:services\api.ts
FN:13,(anonymous_0)
FN:22,(anonymous_1)
FN:32,(anonymous_2)
FN:38,(anonymous_3)
FN:48,(anonymous_4)
FNF:5
FNH:2
FNDA:1,(anonymous_0)
FNDA:0,(anonymous_1)
FNDA:1,(anonymous_2)
FNDA:0,(anonymous_3)
FNDA:0,(anonymous_4)
DA:1,1
DA:13,1
DA:14,1
DA:18,1
DA:22,1
DA:23,0
DA:28,0
DA:32,1
DA:33,1
DA:34,1
DA:38,1
DA:39,0
DA:44,0
DA:48,1
DA:49,0
DA:50,0
LF:16
LH:10
BRF:0
BRH:0
end_of_record
TN:
SF:services\imageUpload.ts
FN:4,(anonymous_0)
FNF:1
FNH:1
FNDA:2,(anonymous_0)
DA:1,1
DA:2,1
DA:4,1
DA:5,2
DA:7,2
DA:11,2
DA:12,2
DA:13,2
DA:14,18
DA:17,2
DA:26,2
DA:27,1
DA:28,1
DA:31,1
DA:36,1
LF:15
LH:15
BRDA:26,0,0,1
BRF:1
BRH:1
end_of_record
TN:
SF:services\notifications.ts
FN:6,(anonymous_9)
FN:16,(anonymous_10)
FN:22,(anonymous_11)
FNF:3
FNH:2
FNDA:0,(anonymous_9)
FNDA:4,(anonymous_10)
FNDA:2,(anonymous_11)
DA:2,2
DA:5,2
DA:6,0
DA:16,2
DA:17,4
DA:18,4
DA:22,2
DA:26,2
DA:27,2
DA:28,0
DA:29,0
DA:32,2
LF:12
LH:9
BRDA:24,0,0,0
BRDA:27,1,0,0
BRF:2
BRH:0
end_of_record
